<?xml version="1.0" encoding="UTF-8"?>
<testsuite name="ru.nsu.fit.vtatarintsev.stack.StackTest" tests="4" skipped="0" failures="0" errors="0" timestamp="2022-10-05T16:05:54" hostname="PC" time="0.076">
  <properties/>
  <testcase name="test1()" classname="ru.nsu.fit.vtatarintsev.stack.StackTest" time="0.041"/>
  <testcase name="test2()" classname="ru.nsu.fit.vtatarintsev.stack.StackTest" time="0.003"/>
  <testcase name="test3()" classname="ru.nsu.fit.vtatarintsev.stack.StackTest" time="0.023"/>
  <testcase name="test4()" classname="ru.nsu.fit.vtatarintsev.stack.StackTest" time="0.002"/>
  <system-out><![CDATA[]]></system-out>
  <system-err><![CDATA[]]></system-err>
</testsuite>
